0 info it worked if it ends with ok
1 verbose cli [ 'node', '/usr/local/bin/npm', 'publish', './' ]
2 info using npm@2.1.17
3 info using node@v0.10.30
4 verbose node symlink /usr/local/bin/node
5 verbose publish [ './' ]
6 silly cache add args [ './', null ]
7 verbose cache add spec ./
8 silly cache add parsed spec { raw: './',
8 silly cache add   scope: null,
8 silly cache add   name: null,
8 silly cache add   rawSpec: './',
8 silly cache add   spec: '/Users/hstarikov/workspace/m',
8 silly cache add   type: 'directory' }
9 verbose addLocalDirectory /Users/hstarikov/.npm/m/1.0.0/package.tgz not in flight; packing
10 verbose tar pack [ '/Users/hstarikov/.npm/m/1.0.0/package.tgz',
10 verbose tar pack   '/Users/hstarikov/workspace/m' ]
11 verbose tarball /Users/hstarikov/.npm/m/1.0.0/package.tgz
12 verbose folder /Users/hstarikov/workspace/m
13 info prepublish m@1.0.0
14 verbose addLocalTarball adding from inside cache /Users/hstarikov/.npm/m/1.0.0/package.tgz
15 silly cache afterAdd m@1.0.0
16 verbose afterAdd /Users/hstarikov/.npm/m/1.0.0/package/package.json not in flight; writing
17 verbose afterAdd /Users/hstarikov/.npm/m/1.0.0/package/package.json written
18 silly publish { name: 'm',
18 silly publish   version: '1.0.0',
18 silly publish   description: 'Singleton models with Backbone and possibly other frameworks',
18 silly publish   main: 'dist/backbone-m.js',
18 silly publish   directories: { test: 'test' },
18 silly publish   dependencies: {},
18 silly publish   devDependencies:
18 silly publish    { backbone: '^1.1.2',
18 silly publish      browserify: '^5.13.1',
18 silly publish      'jasmine-node': '^1.14.5',
18 silly publish      jquery: '^2.1.3',
18 silly publish      watchify: '^2.4.0',
18 silly publish      'uglify-js': '^2.4.16',
18 silly publish      underscore: '^1.7.0' },
18 silly publish   scripts:
18 silly publish    { test: 'jasmine-node test/ --matchall --color --autotest --watch `pwd`/src/',
18 silly publish      clean: 'rm -r dist && mkdir dist',
18 silly publish      build: 'npm run build:backbone:min && npm run build:backbone && npm run build:angular',
18 silly publish      'build:backbone:min': 'node_modules/browserify/bin/cmd.js src/m-for-backbone.js -s M -x backbone | uglifyjs -c > dist/backbone-m.min.js',
18 silly publish      'build:backbone': 'node_modules/browserify/bin/cmd.js src/m-for-backbone.js -s M -x backbone --debug --verbose > dist/backbone-m.js',
18 silly publish      'build:angular': 'node_modules/browserify/bin/cmd.js src/m-for-angular.js -s M --debug --verbose > dist/angular-m.js',
18 silly publish      watch: 'watchify src/m-for-backbone.js -s M -x backbone --debug --verbose -o dist/backbone-m.js' },
18 silly publish   repository: { type: 'git', url: 'https://github.com/Hermanya/m.git' },
18 silly publish   keywords: [ 'model', 'backbone', 'singleton' ],
18 silly publish   author: { name: 'Herman Starikov' },
18 silly publish   license: 'MIT',
18 silly publish   bugs: { url: 'https://github.com/Hermanya/m/issues' },
18 silly publish   homepage: 'https://github.com/Hermanya/m',
18 silly publish   readme: 'Request for Comments\n----\n\n###Features\n\n- models with defined ids are singletons\n- once id changes (ex. *current* user is fetched) the model will be tied to an existing model with same id\n- collections also point to singleton models, thus sync is free\n- sort of type validation\n- adaptation to other (than backbone) framework\'s models is possible\n\n###How to Use\n\n```javascript\n// m-for-my-api.js\ndefine([\'m-for-backbone\'], function (m) {\n  return M({\n    prefix: \'/rest/v37\',\n    resources: {\n      account: \'any\',\n      group: \'array of users\',\n      user: {\n        id: \'number\',\n        name: \'string\',\n        email: \'email\',\n        attributes: \'array of objects\',\n        _attributeMappings: {\n          language: \'com.m.lang\'\n        }\n      }\n\n    }\n  });\n});\n\n```\n```javascript\n// current-group-mvwhaterver.js\nvar m = require(\'m-for-my-api.js\');\nvar usersInMyGroup = m.group().users({limit: 10}).collection();\n```\n```javascript\n// selected-user-mvwhaterver.js\nvar m = require(\'m-for-my-api.js\');\nvar user = m.user(selectedId).model();\n```\n```javascript\n// current-user-mvwhaterver.js\nvar m = require(\'m-for-my-api.js\');\nvar me = m.user().model();\nme.set(\'language\', \'ru\')\n//  {\n//    id: 1,\n//    name: \'Herman Starikov\',\n//    attributes: [{\n//      name: \'com.m.lang\',\n//      value: \'ru\'\n//    }],\n//    language: \'ru\'\n//  }\n```\n',
18 silly publish   readmeFilename: 'README.md',
18 silly publish   gitHead: '624ddeff4daee0cd4fbe706b4557d6b42cfca228',
18 silly publish   _id: 'm@1.0.0',
18 silly publish   _shasum: '55638ac6b80a8d1206eb864287777f19b2a09bd6',
18 silly publish   _from: '.' }
19 silly mapToRegistry name m
20 silly mapToRegistry using default registry
21 silly mapToRegistry registry https://registry.npmjs.org/
22 silly mapToRegistry uri https://registry.npmjs.org/m
23 verbose publish registryBase https://registry.npmjs.org/
24 silly publish uploading /Users/hstarikov/.npm/m/1.0.0/package.tgz
25 verbose request uri https://registry.npmjs.org/m
26 verbose request sending authorization for write operation
27 info attempt registry request try #1 at 09:27:18
28 verbose request using bearer token for auth
29 verbose request id f1b515da70f2ac5b
30 http request PUT https://registry.npmjs.org/m
31 http 404 https://registry.npmjs.org/m
32 verbose headers { 'content-type': 'application/json',
32 verbose headers   'cache-control': 'max-age=0',
32 verbose headers   'content-length': '21',
32 verbose headers   'accept-ranges': 'bytes',
32 verbose headers   date: 'Tue, 12 May 2015 13:27:18 GMT',
32 verbose headers   via: '1.1 varnish',
32 verbose headers   connection: 'keep-alive',
32 verbose headers   'x-served-by': 'cache-ord1720-ORD',
32 verbose headers   'x-cache': 'MISS',
32 verbose headers   'x-cache-hits': '0',
32 verbose headers   'x-timer': 'S1431437238.199433,VS0,VE255' }
33 verbose request invalidating /Users/hstarikov/.npm/registry.npmjs.org/m on PUT
34 error publish Failed PUT 404
35 verbose stack Error: Not found : m
35 verbose stack     at CachingRegistryClient.<anonymous> (/usr/local/lib/node_modules/npm/node_modules/npm-registry-client/lib/request.js:244:14)
35 verbose stack     at Request._callback (/usr/local/lib/node_modules/npm/node_modules/npm-registry-client/lib/request.js:172:14)
35 verbose stack     at Request.self.callback (/usr/local/lib/node_modules/npm/node_modules/request/request.js:373:22)
35 verbose stack     at Request.emit (events.js:98:17)
35 verbose stack     at Request.<anonymous> (/usr/local/lib/node_modules/npm/node_modules/request/request.js:1318:14)
35 verbose stack     at Request.emit (events.js:117:20)
35 verbose stack     at IncomingMessage.<anonymous> (/usr/local/lib/node_modules/npm/node_modules/request/request.js:1266:12)
35 verbose stack     at IncomingMessage.emit (events.js:117:20)
35 verbose stack     at _stream_readable.js:938:16
35 verbose stack     at process._tickCallback (node.js:419:13)
36 verbose statusCode 404
37 verbose pkgid m
38 verbose cwd /Users/hstarikov/workspace/m
39 error Darwin 14.3.0
40 error argv "node" "/usr/local/bin/npm" "publish" "./"
41 error node v0.10.30
42 error npm  v2.1.17
43 error code E404
44 error 404 Not found : m
44 error 404
44 error 404 'm' is not in the npm registry.
44 error 404 You should bug the author to publish it (or use the name yourself!)
44 error 404
44 error 404 Note that you can also install from a
44 error 404 tarball, folder, http url, or git url.
45 verbose exit [ 1, true ]
